<html>
<head>
<title>TestNG:  Default test</title>
<link href="../testng.css" rel="stylesheet" type="text/css" />
<link href="../my-testng.css" rel="stylesheet" type="text/css" />

<style type="text/css">
.log { display: none;} 
.stack-trace { display: none;} 
</style>
<script type="text/javascript">
<!--
function flip(e) {
  current = e.style.display;
  if (current == 'block') {
    e.style.display = 'none';
    return 0;
  }
  else {
    e.style.display = 'block';
    return 1;
  }
}

function toggleBox(szDivId, elem, msg1, msg2)
{
  var res = -1;  if (document.getElementById) {
    res = flip(document.getElementById(szDivId));
  }
  else if (document.all) {
    // this is the way old msie versions work
    res = flip(document.all[szDivId]);
  }
  if(elem) {
    if(res == 0) elem.innerHTML = msg1; else elem.innerHTML = msg2;
  }

}

function toggleAllBoxes() {
  if (document.getElementsByTagName) {
    d = document.getElementsByTagName('div');
    for (i = 0; i < d.length; i++) {
      if (d[i].className == 'log') {
        flip(d[i]);
      }
    }
  }
}

// -->
</script>

</head>
<body>
<h2 align='center'>Default test</h2><table border='1' align="center">
<tr>
<td>Tests passed/Failed/Skipped:</td><td>10/6/0</td>
</tr><tr>
<td>Started on:</td><td>Thu Mar 20 07:54:36 IST 2025</td>
</tr>
<tr><td>Total time:</td><td>80 seconds (80242 ms)</td>
</tr><tr>
<td>Included groups:</td><td></td>
</tr><tr>
<td>Excluded groups:</td><td></td>
</tr>
</table><p/>
<small><i>(Hover the method name to see the test class name)</i></small><p/>
<table width='100%' border='1' class='invocation-failed'>
<tr><td colspan='4' align='center'><b>FAILED TESTS</b></td></tr>
<tr><td><b>Test method</b></td>
<td width="30%"><b>Exception</b></td>
<td width="10%"><b>Time (seconds)</b></td>
<td><b>Instance</b></td>
</tr>
<tr>
<td title='runner.TestRunner.runScenario()'><b>runScenario</b><br>Test class: runner.TestRunner<br>Test method: Runs Cucumber Scenarios<br>Parameters: "Fund Transfer Validation", "Fund Transfer Functionality"</td>
<td><div><pre>java.lang.AssertionError: The following asserts failed:
	Expected message not displayed! expected [You successfully transferred $500 from Checking to Savings] but found [You successfully submitted your transaction.],
	Account Balance did not Update! expected [$1048] but found [$1548]
	at org.testng.asserts.SoftAssert.assertAll(SoftAssert.java:47)
	at org.testng.asserts.SoftAssert.assertAll(SoftAssert.java:31)
	at stepDefinitions.FundTransferFunctionality.user_should_see_message(FundTransferFunctionality.java:57)
	at ✽.User should see msg as &quot;You successfully transferred $500 from Checking to Savings&quot; and balance must be updated &quot;yes&quot;(file:///C:/Users/kalai/eclipse-workspace/CAPSTONEPROJECT/src/test/resources/features/03_fundtransfer.feature:9)
</pre></div><a href='#' onClick='toggleBox("stack-trace168776700", this, "Click to show all stack frames", "Click to hide stack frames")'>Click to show all stack frames</a>
<div class='stack-trace' id='stack-trace168776700'><pre>java.lang.AssertionError: The following asserts failed:
	Expected message not displayed! expected [You successfully transferred $500 from Checking to Savings] but found [You successfully submitted your transaction.],
	Account Balance did not Update! expected [$1048] but found [$1548]
	at org.testng.asserts.SoftAssert.assertAll(SoftAssert.java:47)
	at org.testng.asserts.SoftAssert.assertAll(SoftAssert.java:31)
	at stepDefinitions.FundTransferFunctionality.user_should_see_message(FundTransferFunctionality.java:57)
	at ✽.User should see msg as &quot;You successfully transferred $500 from Checking to Savings&quot; and balance must be updated &quot;yes&quot;(file:///C:/Users/kalai/eclipse-workspace/CAPSTONEPROJECT/src/test/resources/features/03_fundtransfer.feature:9)
</pre></div></td>
<td>6</td>
<td>runner.TestRunner@491b9b8</td></tr>
<tr>
<td title='runner.TestRunner.runScenario()'><b>runScenario</b><br>Test class: runner.TestRunner<br>Test method: Runs Cucumber Scenarios<br>Parameters: "Fund Transfer Validation", "Fund Transfer Functionality"</td>
<td><div><pre>java.lang.AssertionError: The following asserts failed:
	Expected message not displayed! expected [Insufficient funds.] but found [You successfully submitted your transaction.]
	at org.testng.asserts.SoftAssert.assertAll(SoftAssert.java:47)
	at org.testng.asserts.SoftAssert.assertAll(SoftAssert.java:31)
	at stepDefinitions.FundTransferFunctionality.user_should_see_message(FundTransferFunctionality.java:57)
	at ✽.User should see msg as &quot;Insufficient funds.&quot; and balance must be updated &quot;no&quot;(file:///C:/Users/kalai/eclipse-workspace/CAPSTONEPROJECT/src/test/resources/features/03_fundtransfer.feature:9)
</pre></div><a href='#' onClick='toggleBox("stack-trace1741007954", this, "Click to show all stack frames", "Click to hide stack frames")'>Click to show all stack frames</a>
<div class='stack-trace' id='stack-trace1741007954'><pre>java.lang.AssertionError: The following asserts failed:
	Expected message not displayed! expected [Insufficient funds.] but found [You successfully submitted your transaction.]
	at org.testng.asserts.SoftAssert.assertAll(SoftAssert.java:47)
	at org.testng.asserts.SoftAssert.assertAll(SoftAssert.java:31)
	at stepDefinitions.FundTransferFunctionality.user_should_see_message(FundTransferFunctionality.java:57)
	at ✽.User should see msg as &quot;Insufficient funds.&quot; and balance must be updated &quot;no&quot;(file:///C:/Users/kalai/eclipse-workspace/CAPSTONEPROJECT/src/test/resources/features/03_fundtransfer.feature:9)
</pre></div></td>
<td>2</td>
<td>runner.TestRunner@491b9b8</td></tr>
<tr>
<td title='runner.TestRunner.runScenario()'><b>runScenario</b><br>Test class: runner.TestRunner<br>Test method: Runs Cucumber Scenarios<br>Parameters: "Fund Transfer Validation", "Fund Transfer Functionality"</td>
<td><div><pre>java.lang.AssertionError: The following asserts failed:
	Expected message not displayed! expected [Invalid amount entered.] but found [You successfully submitted your transaction.]
	at org.testng.asserts.SoftAssert.assertAll(SoftAssert.java:47)
	at org.testng.asserts.SoftAssert.assertAll(SoftAssert.java:31)
	at stepDefinitions.FundTransferFunctionality.user_should_see_message(FundTransferFunctionality.java:57)
	at ✽.User should see msg as &quot;Invalid amount entered.&quot; and balance must be updated &quot;no&quot;(file:///C:/Users/kalai/eclipse-workspace/CAPSTONEPROJECT/src/test/resources/features/03_fundtransfer.feature:9)
</pre></div><a href='#' onClick='toggleBox("stack-trace1526250321", this, "Click to show all stack frames", "Click to hide stack frames")'>Click to show all stack frames</a>
<div class='stack-trace' id='stack-trace1526250321'><pre>java.lang.AssertionError: The following asserts failed:
	Expected message not displayed! expected [Invalid amount entered.] but found [You successfully submitted your transaction.]
	at org.testng.asserts.SoftAssert.assertAll(SoftAssert.java:47)
	at org.testng.asserts.SoftAssert.assertAll(SoftAssert.java:31)
	at stepDefinitions.FundTransferFunctionality.user_should_see_message(FundTransferFunctionality.java:57)
	at ✽.User should see msg as &quot;Invalid amount entered.&quot; and balance must be updated &quot;no&quot;(file:///C:/Users/kalai/eclipse-workspace/CAPSTONEPROJECT/src/test/resources/features/03_fundtransfer.feature:9)
</pre></div></td>
<td>2</td>
<td>runner.TestRunner@491b9b8</td></tr>
<tr>
<td title='runner.TestRunner.runScenario()'><b>runScenario</b><br>Test class: runner.TestRunner<br>Test method: Runs Cucumber Scenarios<br>Parameters: "Pay Bills with different scenarios", "Pay Bills Functionality"</td>
<td><div><pre>java.lang.AssertionError: Expected message not displayed! expected [Amount field cannot be empty.] but found [Please fill out this field.]
	at org.testng.Assert.fail(Assert.java:89)
	at org.testng.Assert.failNotEquals(Assert.java:489)
	at org.testng.Assert.assertEquals(Assert.java:118)
	at org.testng.Assert.assertEquals(Assert.java:171)
	at stepDefinitions.PayBillsFunctionality.user_should_see_the_message(PayBillsFunctionality.java:55)
	at ✽.User should see the &quot;Amount field cannot be empty.&quot;(file:///C:/Users/kalai/eclipse-workspace/CAPSTONEPROJECT/src/test/resources/features/04_paybills.feature:9)
</pre></div><a href='#' onClick='toggleBox("stack-trace1266068058", this, "Click to show all stack frames", "Click to hide stack frames")'>Click to show all stack frames</a>
<div class='stack-trace' id='stack-trace1266068058'><pre>java.lang.AssertionError: Expected message not displayed! expected [Amount field cannot be empty.] but found [Please fill out this field.]
	at org.testng.Assert.fail(Assert.java:89)
	at org.testng.Assert.failNotEquals(Assert.java:489)
	at org.testng.Assert.assertEquals(Assert.java:118)
	at org.testng.Assert.assertEquals(Assert.java:171)
	at stepDefinitions.PayBillsFunctionality.user_should_see_the_message(PayBillsFunctionality.java:55)
	at ✽.User should see the &quot;Amount field cannot be empty.&quot;(file:///C:/Users/kalai/eclipse-workspace/CAPSTONEPROJECT/src/test/resources/features/04_paybills.feature:9)
</pre></div></td>
<td>4</td>
<td>runner.TestRunner@491b9b8</td></tr>
<tr>
<td title='runner.TestRunner.runScenario()'><b>runScenario</b><br>Test class: runner.TestRunner<br>Test method: Runs Cucumber Scenarios<br>Parameters: "Add a new payee with different inputs", "Add New Payee Functionality"</td>
<td><div><pre>java.lang.AssertionError: Message mismatch! expected [All fields are required.] but found [Please fill out this field.]
	at org.testng.Assert.fail(Assert.java:89)
	at org.testng.Assert.failNotEquals(Assert.java:489)
	at org.testng.Assert.assertEquals(Assert.java:118)
	at org.testng.Assert.assertEquals(Assert.java:171)
	at stepDefinitions.NewPayeeFunctionality.user_should_see_payee_added_message(NewPayeeFunctionality.java:52)
	at ✽.User should see Payee Added &quot;All fields are required.&quot;(file:///C:/Users/kalai/eclipse-workspace/CAPSTONEPROJECT/src/test/resources/features/05_addnewpayee.feature:9)
</pre></div><a href='#' onClick='toggleBox("stack-trace1969925628", this, "Click to show all stack frames", "Click to hide stack frames")'>Click to show all stack frames</a>
<div class='stack-trace' id='stack-trace1969925628'><pre>java.lang.AssertionError: Message mismatch! expected [All fields are required.] but found [Please fill out this field.]
	at org.testng.Assert.fail(Assert.java:89)
	at org.testng.Assert.failNotEquals(Assert.java:489)
	at org.testng.Assert.assertEquals(Assert.java:118)
	at org.testng.Assert.assertEquals(Assert.java:171)
	at stepDefinitions.NewPayeeFunctionality.user_should_see_payee_added_message(NewPayeeFunctionality.java:52)
	at ✽.User should see Payee Added &quot;All fields are required.&quot;(file:///C:/Users/kalai/eclipse-workspace/CAPSTONEPROJECT/src/test/resources/features/05_addnewpayee.feature:9)
</pre></div></td>
<td>3</td>
<td>runner.TestRunner@491b9b8</td></tr>
<tr>
<td title='runner.TestRunner.runScenario()'><b>runScenario</b><br>Test class: runner.TestRunner<br>Test method: Runs Cucumber Scenarios<br>Parameters: "User logs out successfully", "Logout Functionality"</td>
<td><div><pre>java.lang.AssertionError: Logout Successful, But user not directed to login page ! expected [http://zero.webappsecurity.com/login.html] but found [http://zero.webappsecurity.com/index.html]
	at org.testng.Assert.fail(Assert.java:89)
	at org.testng.Assert.failNotEquals(Assert.java:489)
	at org.testng.Assert.assertEquals(Assert.java:118)
	at org.testng.Assert.assertEquals(Assert.java:171)
	at stepDefinitions.LogoutFunctionality.user_should_be_redirected_to_login_page(LogoutFunctionality.java:32)
	at ✽.User should be redirected to the login page(file:///C:/Users/kalai/eclipse-workspace/CAPSTONEPROJECT/src/test/resources/features/07_logout.feature:6)
</pre></div><a href='#' onClick='toggleBox("stack-trace372261610", this, "Click to show all stack frames", "Click to hide stack frames")'>Click to show all stack frames</a>
<div class='stack-trace' id='stack-trace372261610'><pre>java.lang.AssertionError: Logout Successful, But user not directed to login page ! expected [http://zero.webappsecurity.com/login.html] but found [http://zero.webappsecurity.com/index.html]
	at org.testng.Assert.fail(Assert.java:89)
	at org.testng.Assert.failNotEquals(Assert.java:489)
	at org.testng.Assert.assertEquals(Assert.java:118)
	at org.testng.Assert.assertEquals(Assert.java:171)
	at stepDefinitions.LogoutFunctionality.user_should_be_redirected_to_login_page(LogoutFunctionality.java:32)
	at ✽.User should be redirected to the login page(file:///C:/Users/kalai/eclipse-workspace/CAPSTONEPROJECT/src/test/resources/features/07_logout.feature:6)
</pre></div></td>
<td>1</td>
<td>runner.TestRunner@491b9b8</td></tr>
</table><p>
<table width='100%' border='1' class='invocation-passed'>
<tr><td colspan='4' align='center'><b>PASSED TESTS</b></td></tr>
<tr><td><b>Test method</b></td>
<td width="30%"><b>Exception</b></td>
<td width="10%"><b>Time (seconds)</b></td>
<td><b>Instance</b></td>
</tr>
<tr>
<td title='runner.TestRunner.runScenario()'><b>runScenario</b><br>Test class: runner.TestRunner<br>Test method: Runs Cucumber Scenarios<br>Parameters: "User tries to login with different credentials", "Scenarios for Login Functionality"</td>
<td></td>
<td>3</td>
<td>runner.TestRunner@491b9b8</td></tr>
<tr>
<td title='runner.TestRunner.runScenario()'><b>runScenario</b><br>Test class: runner.TestRunner<br>Test method: Runs Cucumber Scenarios<br>Parameters: "User tries to login with different credentials", "Scenarios for Login Functionality"</td>
<td></td>
<td>2</td>
<td>runner.TestRunner@491b9b8</td></tr>
<tr>
<td title='runner.TestRunner.runScenario()'><b>runScenario</b><br>Test class: runner.TestRunner<br>Test method: Runs Cucumber Scenarios<br>Parameters: "User tries to login with different credentials", "Scenarios for Login Functionality"</td>
<td></td>
<td>9</td>
<td>runner.TestRunner@491b9b8</td></tr>
<tr>
<td title='runner.TestRunner.runScenario()'><b>runScenario</b><br>Test class: runner.TestRunner<br>Test method: Runs Cucumber Scenarios<br>Parameters: "Verify Account Summary Page Loads Correctly", "Account Summary Functionality"</td>
<td></td>
<td>2</td>
<td>runner.TestRunner@491b9b8</td></tr>
<tr>
<td title='runner.TestRunner.runScenario()'><b>runScenario</b><br>Test class: runner.TestRunner<br>Test method: Runs Cucumber Scenarios<br>Parameters: "Validate Account Types on Account Summary Page", "Account Summary Functionality"</td>
<td></td>
<td>2</td>
<td>runner.TestRunner@491b9b8</td></tr>
<tr>
<td title='runner.TestRunner.runScenario()'><b>runScenario</b><br>Test class: runner.TestRunner<br>Test method: Runs Cucumber Scenarios<br>Parameters: "Pay Bills with different scenarios", "Pay Bills Functionality"</td>
<td></td>
<td>6</td>
<td>runner.TestRunner@491b9b8</td></tr>
<tr>
<td title='runner.TestRunner.runScenario()'><b>runScenario</b><br>Test class: runner.TestRunner<br>Test method: Runs Cucumber Scenarios<br>Parameters: "Pay Bills with different scenarios", "Pay Bills Functionality"</td>
<td></td>
<td>4</td>
<td>runner.TestRunner@491b9b8</td></tr>
<tr>
<td title='runner.TestRunner.runScenario()'><b>runScenario</b><br>Test class: runner.TestRunner<br>Test method: Runs Cucumber Scenarios<br>Parameters: "Add a new payee with different inputs", "Add New Payee Functionality"</td>
<td></td>
<td>3</td>
<td>runner.TestRunner@491b9b8</td></tr>
<tr>
<td title='runner.TestRunner.runScenario()'><b>runScenario</b><br>Test class: runner.TestRunner<br>Test method: Runs Cucumber Scenarios<br>Parameters: "User downloads an account statement", "Download Account Statement"</td>
<td></td>
<td>7</td>
<td>runner.TestRunner@491b9b8</td></tr>
<tr>
<td title='runner.TestRunner.runScenario()'><b>runScenario</b><br>Test class: runner.TestRunner<br>Test method: Runs Cucumber Scenarios<br>Parameters: "Verify session expiry after logout", "Logout Functionality"</td>
<td></td>
<td>0</td>
<td>runner.TestRunner@491b9b8</td></tr>
</table><p>
</body>
</html>