<?xml version="1.0" encoding="UTF-8"?>
<!-- Generated by org.testng.reporters.JUnitXMLReporter -->
<testsuite hostname="Prawin-Pc" failures="6" tests="16" name="Test Execution" time="104.752" errors="0" timestamp="20 Mar 2025 03:40:34 GMT">
  <testcase classname="runner.TestRunner" name="runScenario" time="4.318"/>
  <testcase classname="runner.TestRunner" name="runScenario" time="3.891"/>
  <testcase classname="runner.TestRunner" name="runScenario" time="8.42"/>
  <testcase classname="runner.TestRunner" name="runScenario" time="3.051"/>
  <testcase classname="runner.TestRunner" name="runScenario" time="2.435"/>
  <testcase classname="runner.TestRunner" name="runScenario" time="8.618">
    <failure type="java.lang.AssertionError" message="The following asserts failed:
	Expected message not displayed! expected [You successfully transferred $500 from Checking to Savings] but found [You successfully submitted your transaction.],
	Account Balance did not Update! expected [$1048] but found [$1548]">
      <![CDATA[java.lang.AssertionError: The following asserts failed:
	Expected message not displayed! expected [You successfully transferred $500 from Checking to Savings] but found [You successfully submitted your transaction.],
	Account Balance did not Update! expected [$1048] but found [$1548]
	at stepDefinitions.FundTransferFunctionality.user_should_see_message(FundTransferFunctionality.java:57)
	at ✽.User should see msg as "You successfully transferred $500 from Checking to Savings" and balance must be updated "yes"(file:///C:/Users/kalai/eclipse-workspace/CAPSTONEPROJECT/src/test/resources/features/03_fundtransfer.feature:9)
... Removed 2 stack frames]]>
    </failure>
  </testcase> <!-- runScenario -->
  <testcase classname="runner.TestRunner" name="runScenario" time="4.997">
    <failure type="java.lang.AssertionError" message="The following asserts failed:
	Expected message not displayed! expected [Insufficient funds.] but found [You successfully submitted your transaction.]">
      <![CDATA[java.lang.AssertionError: The following asserts failed:
	Expected message not displayed! expected [Insufficient funds.] but found [You successfully submitted your transaction.]
	at stepDefinitions.FundTransferFunctionality.user_should_see_message(FundTransferFunctionality.java:57)
	at ✽.User should see msg as "Insufficient funds." and balance must be updated "no"(file:///C:/Users/kalai/eclipse-workspace/CAPSTONEPROJECT/src/test/resources/features/03_fundtransfer.feature:9)
... Removed 2 stack frames]]>
    </failure>
  </testcase> <!-- runScenario -->
  <testcase classname="runner.TestRunner" name="runScenario" time="3.797">
    <failure type="java.lang.AssertionError" message="The following asserts failed:
	Expected message not displayed! expected [Invalid amount entered.] but found [You successfully submitted your transaction.]">
      <![CDATA[java.lang.AssertionError: The following asserts failed:
	Expected message not displayed! expected [Invalid amount entered.] but found [You successfully submitted your transaction.]
	at stepDefinitions.FundTransferFunctionality.user_should_see_message(FundTransferFunctionality.java:57)
	at ✽.User should see msg as "Invalid amount entered." and balance must be updated "no"(file:///C:/Users/kalai/eclipse-workspace/CAPSTONEPROJECT/src/test/resources/features/03_fundtransfer.feature:9)
... Removed 2 stack frames]]>
    </failure>
  </testcase> <!-- runScenario -->
  <testcase classname="runner.TestRunner" name="runScenario" time="7.242"/>
  <testcase classname="runner.TestRunner" name="runScenario" time="6.223"/>
  <testcase classname="runner.TestRunner" name="runScenario" time="5.575">
    <failure type="java.lang.AssertionError" message="Expected message not displayed! expected [Amount field cannot be empty.] but found [Please fill out this field.]">
      <![CDATA[java.lang.AssertionError: Expected message not displayed! expected [Amount field cannot be empty.] but found [Please fill out this field.]
	at stepDefinitions.PayBillsFunctionality.user_should_see_the_message(PayBillsFunctionality.java:55)
	at ✽.User should see the "Amount field cannot be empty."(file:///C:/Users/kalai/eclipse-workspace/CAPSTONEPROJECT/src/test/resources/features/04_paybills.feature:9)
... Removed 4 stack frames]]>
    </failure>
  </testcase> <!-- runScenario -->
  <testcase classname="runner.TestRunner" name="runScenario" time="7.506"/>
  <testcase classname="runner.TestRunner" name="runScenario" time="4.343">
    <failure type="java.lang.AssertionError" message="Message mismatch! expected [All fields are required.] but found [Please fill out this field.]">
      <![CDATA[java.lang.AssertionError: Message mismatch! expected [All fields are required.] but found [Please fill out this field.]
	at stepDefinitions.NewPayeeFunctionality.user_should_see_payee_added_message(NewPayeeFunctionality.java:52)
	at ✽.User should see Payee Added "All fields are required."(file:///C:/Users/kalai/eclipse-workspace/CAPSTONEPROJECT/src/test/resources/features/05_addnewpayee.feature:9)
... Removed 4 stack frames]]>
    </failure>
  </testcase> <!-- runScenario -->
  <testcase classname="runner.TestRunner" name="runScenario" time="10.775"/>
  <testcase classname="runner.TestRunner" name="runScenario" time="1.825">
    <failure type="java.lang.AssertionError" message="Logout Successful, But user not directed to login page ! expected [http://zero.webappsecurity.com/login.html] but found [http://zero.webappsecurity.com/index.html]">
      <![CDATA[java.lang.AssertionError: Logout Successful, But user not directed to login page ! expected [http://zero.webappsecurity.com/login.html] but found [http://zero.webappsecurity.com/index.html]
	at stepDefinitions.LogoutFunctionality.user_should_be_redirected_to_login_page(LogoutFunctionality.java:32)
	at ✽.User should be redirected to the login page(file:///C:/Users/kalai/eclipse-workspace/CAPSTONEPROJECT/src/test/resources/features/07_logout.feature:6)
... Removed 4 stack frames]]>
    </failure>
  </testcase> <!-- runScenario -->
  <testcase classname="runner.TestRunner" name="runScenario" time="1.025"/>
</testsuite> <!-- Test Execution -->
